<?xml version="1.0" encoding="UTF-8"?>
<Site BuildName="Linux-c++"
	BuildStamp="20241112-1346-Experimental"
	Name="BenDesktop"
	Generator="ctest-3.22.1"
	CompilerName="/usr/bin/c++"
	CompilerVersion="11.4.0"
	OSName="Linux"
	Hostname="BenDesktop"
	OSRelease="5.15.153.1-microsoft-standard-WSL2"
	OSVersion="#1 SMP Fri Mar 29 23:14:13 UTC 2024"
	OSPlatform="x86_64"
	Is64Bits="1"
	VendorString="GenuineIntel"
	VendorID="Intel Corporation"
	FamilyID="6"
	ModelID="158"
	ProcessorCacheSize="12288"
	NumberOfLogicalCPU="12"
	NumberOfPhysicalCPU="6"
	TotalVirtualMemory="8192"
	TotalPhysicalMemory="30085"
	LogicalProcessorsPerPhysical="2"
	ProcessorClockFrequency="3192.01"
	>
	<Testing>
		<StartDateTime>Nov 12 08:46 EST</StartDateTime>
		<StartTestTime>1731419211</StartTestTime>
		<TestList/>
		<EndDateTime>Nov 12 08:46 EST</EndDateTime>
		<EndTestTime>1731419211</EndTestTime>
		<ElapsedMinutes>0</ElapsedMinutes>
	</Testing>
</Site>
